This is pdfTeX, Version 3.14159265-2.6-1.40.17 (MiKTeX 2.9.6210 64-bit) (preloaded format=pdflatex 2017.1.12)  17 NOV 2017 16:43
entering extended mode
**./FIFA.tex
(FIFA.tex
LaTeX2e <2016/03/31> patch level 3
Babel <3.9r> and hyphenation patterns for 75 language(s) loaded.
(C:\Users\Igor\AppData\Roaming\MiKTeX\2.9\tex\latex\apa6\apa6.cls
Document Class: apa6 2016/11/15 v2.30 APA formatting (6th edition)
("C:\Program Files\MiKTeX 2.9\tex\latex\base\article.cls"
Document Class: article 2014/09/29 v1.4h Standard LaTeX document class
("C:\Program Files\MiKTeX 2.9\tex\latex\base\size12.clo"
File: size12.clo 2014/09/29 v1.4h Standard LaTeX file (size option)
)
\c@part=\count79
\c@section=\count80
\c@subsection=\count81
\c@subsubsection=\count82
\c@paragraph=\count83
\c@subparagraph=\count84
\c@figure=\count85
\c@table=\count86
\abovecaptionskip=\skip41
\belowcaptionskip=\skip42
\bibindent=\dimen102
)
(C:\Users\Igor\AppData\Roaming\MiKTeX\2.9\tex\latex\apacite\apacite.sty
Package: apacite 2013/07/21 v6.03 APA citation
\c@BibCnt=\count87
\bibleftmargin=\skip43
\bibindent=\skip44
\bibparsep=\skip45
\bibitemsep=\skip46
\biblabelsep=\skip47
)
Class apa6 Info: The selected bibliography package, apacite, has been loaded on
 input line 213.

("C:\Program Files\MiKTeX 2.9\tex\latex\lm\lmodern.sty"
Package: lmodern 2009/10/30 v1.6 Latin Modern Fonts
LaTeX Font Info:    Overwriting symbol font `operators' in version `normal'
(Font)                  OT1/cmr/m/n --> OT1/lmr/m/n on input line 22.
LaTeX Font Info:    Overwriting symbol font `letters' in version `normal'
(Font)                  OML/cmm/m/it --> OML/lmm/m/it on input line 23.
LaTeX Font Info:    Overwriting symbol font `symbols' in version `normal'
(Font)                  OMS/cmsy/m/n --> OMS/lmsy/m/n on input line 24.
LaTeX Font Info:    Overwriting symbol font `largesymbols' in version `normal'
(Font)                  OMX/cmex/m/n --> OMX/lmex/m/n on input line 25.
LaTeX Font Info:    Overwriting symbol font `operators' in version `bold'
(Font)                  OT1/cmr/bx/n --> OT1/lmr/bx/n on input line 26.
LaTeX Font Info:    Overwriting symbol font `letters' in version `bold'
(Font)                  OML/cmm/b/it --> OML/lmm/b/it on input line 27.
LaTeX Font Info:    Overwriting symbol font `symbols' in version `bold'
(Font)                  OMS/cmsy/b/n --> OMS/lmsy/b/n on input line 28.
LaTeX Font Info:    Overwriting symbol font `largesymbols' in version `bold'
(Font)                  OMX/cmex/m/n --> OMX/lmex/m/n on input line 29.
LaTeX Font Info:    Overwriting math alphabet `\mathbf' in version `normal'
(Font)                  OT1/cmr/bx/n --> OT1/lmr/bx/n on input line 31.
LaTeX Font Info:    Overwriting math alphabet `\mathsf' in version `normal'
(Font)                  OT1/cmss/m/n --> OT1/lmss/m/n on input line 32.
LaTeX Font Info:    Overwriting math alphabet `\mathit' in version `normal'
(Font)                  OT1/cmr/m/it --> OT1/lmr/m/it on input line 33.
LaTeX Font Info:    Overwriting math alphabet `\mathtt' in version `normal'
(Font)                  OT1/cmtt/m/n --> OT1/lmtt/m/n on input line 34.
LaTeX Font Info:    Overwriting math alphabet `\mathbf' in version `bold'
(Font)                  OT1/cmr/bx/n --> OT1/lmr/bx/n on input line 35.
LaTeX Font Info:    Overwriting math alphabet `\mathsf' in version `bold'
(Font)                  OT1/cmss/bx/n --> OT1/lmss/bx/n on input line 36.
LaTeX Font Info:    Overwriting math alphabet `\mathit' in version `bold'
(Font)                  OT1/cmr/bx/it --> OT1/lmr/bx/it on input line 37.
LaTeX Font Info:    Overwriting math alphabet `\mathtt' in version `bold'
(Font)                  OT1/cmtt/m/n --> OT1/lmtt/m/n on input line 38.
)
("C:\Program Files\MiKTeX 2.9\tex\latex\base\fontenc.sty"
Package: fontenc 2016/06/19 v1.99m Standard LaTeX package

("C:\Program Files\MiKTeX 2.9\tex\latex\base\t1enc.def"
File: t1enc.def 2016/06/19 v1.99m Standard LaTeX file
LaTeX Font Info:    Redeclaring font encoding T1 on input line 48.
))
("C:\Program Files\MiKTeX 2.9\tex\latex\geometry\geometry.sty"
Package: geometry 2010/09/12 v5.6 Page Geometry

("C:\Program Files\MiKTeX 2.9\tex\latex\graphics\keyval.sty"
Package: keyval 2014/10/28 v1.15 key=value parser (DPC)
\KV@toks@=\toks14
)
("C:\Program Files\MiKTeX 2.9\tex\generic\oberdiek\ifpdf.sty"
Package: ifpdf 2016/05/14 v3.1 Provides the ifpdf switch
)
("C:\Program Files\MiKTeX 2.9\tex\generic\oberdiek\ifvtex.sty"
Package: ifvtex 2016/05/16 v1.6 Detect VTeX and its facilities (HO)
Package ifvtex Info: VTeX not detected.
)
("C:\Program Files\MiKTeX 2.9\tex\generic\ifxetex\ifxetex.sty"
Package: ifxetex 2010/09/12 v0.6 Provides ifxetex conditional
)
\Gm@cnth=\count88
\Gm@cntv=\count89
\c@Gm@tempcnt=\count90
\Gm@bindingoffset=\dimen103
\Gm@wd@mp=\dimen104
\Gm@odd@mp=\dimen105
\Gm@even@mp=\dimen106
\Gm@layoutwidth=\dimen107
\Gm@layoutheight=\dimen108
\Gm@layouthoffset=\dimen109
\Gm@layoutvoffset=\dimen110
\Gm@dimlist=\toks15

("C:\Program Files\MiKTeX 2.9\tex\latex\geometry\geometry.cfg"))
("C:\Program Files\MiKTeX 2.9\tex\latex\graphics\graphicx.sty"
Package: graphicx 2014/10/28 v1.0g Enhanced LaTeX Graphics (DPC,SPQR)

("C:\Program Files\MiKTeX 2.9\tex\latex\graphics\graphics.sty"
Package: graphics 2016/07/10 v1.0t Standard LaTeX Graphics (DPC,SPQR)

("C:\Program Files\MiKTeX 2.9\tex\latex\graphics\trig.sty"
Package: trig 2016/01/03 v1.10 sin cos tan (DPC)
)
("C:\Program Files\MiKTeX 2.9\tex\latex\graphics-cfg\graphics.cfg"
File: graphics.cfg 2016/06/04 v1.11 sample graphics configuration
)
Package graphics Info: Driver file: pdftex.def on input line 99.

("C:\Program Files\MiKTeX 2.9\tex\latex\graphics-def\pdftex.def"
File: pdftex.def 2016/07/10 v0.06j Graphics/color for pdfTeX

("C:\Program Files\MiKTeX 2.9\tex\generic\oberdiek\infwarerr.sty"
Package: infwarerr 2016/05/16 v1.4 Providing info/warning/error messages (HO)
)
("C:\Program Files\MiKTeX 2.9\tex\generic\oberdiek\ltxcmds.sty"
Package: ltxcmds 2016/05/16 v1.23 LaTeX kernel commands for general use (HO)
)
\Gread@gobject=\count91
))
\Gin@req@height=\dimen111
\Gin@req@width=\dimen112
)
(C:\Users\Igor\AppData\Roaming\MiKTeX\2.9\tex\latex\booktabs\booktabs.sty
Package: booktabs 2005/04/14 v1.61803 publication quality tables
\heavyrulewidth=\dimen113
\lightrulewidth=\dimen114
\cmidrulewidth=\dimen115
\belowrulesep=\dimen116
\belowbottomsep=\dimen117
\aboverulesep=\dimen118
\abovetopsep=\dimen119
\cmidrulesep=\dimen120
\cmidrulekern=\dimen121
\defaultaddspace=\dimen122
\@cmidla=\count92
\@cmidlb=\count93
\@aboverulesep=\dimen123
\@belowrulesep=\dimen124
\@thisruleclass=\count94
\@lastruleclass=\count95
\@thisrulewidth=\dimen125
)
(C:\Users\Igor\AppData\Roaming\MiKTeX\2.9\tex\latex\threeparttable\threeparttab
le.sty
Package: threeparttable 2003/06/13  v 3.0
\@tempboxb=\box26
)
\b@level@one@skip=\skip48
\e@level@one@skip=\skip49
\b@level@two@skip=\skip50
\e@level@two@skip=\skip51
\b@level@three@skip=\skip52
\e@level@three@skip=\skip53
\b@level@four@skip=\skip54
\e@level@four@skip=\skip55
\b@level@five@skip=\skip56
\e@level@five@skip=\skip57
 (C:\Users\Igor\AppData\Roaming\MiKTeX\2.9\tex\latex\caption\caption.sty
Package: caption 2016/02/21 v3.3-144 Customizing captions (AR)
(C:\Users\Igor\AppData\Roaming\MiKTeX\2.9\tex\latex\caption\caption3.sty
Package: caption3 2016/05/22 v1.7-166 caption3 kernel (AR)
Package caption3 Info: TeX engine: e-TeX on input line 67.
\captionmargin=\dimen126
\captionmargin@=\dimen127
\captionwidth=\dimen128
\caption@tempdima=\dimen129
\caption@indent=\dimen130
\caption@parindent=\dimen131
\caption@hangindent=\dimen132
)
\c@ContinuedFloat=\count96
Package caption Info: threeparttable package is loaded.
)
\c@APAenum=\count97
\@text@par@indent=\skip58
\gr@box=\box27
\gr@boxwidth=\skip59
\gr@boxheight=\skip60

("C:\Program Files\MiKTeX 2.9\tex\latex\tools\bm.sty"
Package: bm 2016/07/07 v1.2b Bold Symbol Support (DPC/FMi)
\symboldoperators=\mathgroup4
\symboldletters=\mathgroup5
\symboldsymbols=\mathgroup6
LaTeX Font Info:    Redeclaring math alphabet \mathbf on input line 142.
LaTeX Info: Redefining \bm on input line 208.
)
\c@appendix=\count98

(C:\Users\Igor\AppData\Roaming\MiKTeX\2.9\tex\latex\fancyhdr\fancyhdr.sty
Package: fancyhdr 2016/09/06 3.8 Extensive control of page headers and footers
\fancy@headwidth=\skip61
\f@ncyO@elh=\skip62
\f@ncyO@erh=\skip63
\f@ncyO@olh=\skip64
\f@ncyO@orh=\skip65
\f@ncyO@elf=\skip66
\f@ncyO@erf=\skip67
\f@ncyO@olf=\skip68
\f@ncyO@orf=\skip69
))
("C:\Program Files\MiKTeX 2.9\tex\latex\base\fontenc.sty"
Package: fontenc 2016/06/19 v1.99m Standard LaTeX package

("C:\Program Files\MiKTeX 2.9\tex\latex\base\t1enc.def"
File: t1enc.def 2016/06/19 v1.99m Standard LaTeX file
LaTeX Font Info:    Redeclaring font encoding T1 on input line 48.
))
("C:\Program Files\MiKTeX 2.9\tex\latex\tools\indentfirst.sty"
Package: indentfirst 1995/11/23 v1.03 Indent first paragraph (DPC)
)
(C:\Users\Igor\AppData\Roaming\MiKTeX\2.9\tex\latex\nomencl\nomencl.sty
Package: nomencl 2005/09/22 v4.2 Nomenclature package (LN)
\nomlabelwidth=\dimen133
\nom@tempdim=\dimen134
\nomitemsep=\skip70
)
("C:\Program Files\MiKTeX 2.9\tex\latex\graphics\color.sty"
Package: color 2016/07/10 v1.1e Standard LaTeX Color (DPC)

("C:\Program Files\MiKTeX 2.9\tex\latex\graphics-cfg\color.cfg"
File: color.cfg 2016/01/02 v1.6 sample color configuration
)
Package color Info: Driver file: pdftex.def on input line 147.
)
(C:\Users\Igor\AppData\Roaming\MiKTeX\2.9\tex\latex\microtype\microtype.sty
Package: microtype 2016/05/14 v2.6a Micro-typographical refinements (RS)
\MT@toks=\toks16
\MT@count=\count99
LaTeX Info: Redefining \textls on input line 774.
\MT@outer@kern=\dimen135
LaTeX Info: Redefining \textmicrotypecontext on input line 1310.
\MT@listname@count=\count100

(C:\Users\Igor\AppData\Roaming\MiKTeX\2.9\tex\latex\microtype\microtype-pdftex.
def
File: microtype-pdftex.def 2016/05/14 v2.6a Definitions specific to pdftex (RS)

LaTeX Info: Redefining \lsstyle on input line 916.
LaTeX Info: Redefining \lslig on input line 916.
\MT@outer@space=\skip71
)
Package microtype Info: Loading configuration file microtype.cfg.

(C:\Users\Igor\AppData\Roaming\MiKTeX\2.9\tex\latex\microtype\microtype.cfg
File: microtype.cfg 2016/05/14 v2.6a microtype main configuration file (RS)
))
("C:\Program Files\MiKTeX 2.9\tex\latex\amsmath\amsmath.sty"
Package: amsmath 2016/06/28 v2.15d AMS math features
\@mathmargin=\skip72

For additional information on amsmath, use the `?' option.
("C:\Program Files\MiKTeX 2.9\tex\latex\amsmath\amstext.sty"
Package: amstext 2000/06/29 v2.01 AMS text

("C:\Program Files\MiKTeX 2.9\tex\latex\amsmath\amsgen.sty"
File: amsgen.sty 1999/11/30 v2.0 generic functions
\@emptytoks=\toks17
\ex@=\dimen136
))
("C:\Program Files\MiKTeX 2.9\tex\latex\amsmath\amsbsy.sty"
Package: amsbsy 1999/11/29 v1.2d Bold Symbols
LaTeX Info: Redefining \boldsymbol on input line 28.
\pmbraise@=\dimen137
)
("C:\Program Files\MiKTeX 2.9\tex\latex\amsmath\amsopn.sty"
Package: amsopn 2016/03/08 v2.02 operator names
)
\inf@bad=\count101
LaTeX Info: Redefining \frac on input line 199.
\uproot@=\count102
\leftroot@=\count103
LaTeX Info: Redefining \overline on input line 297.
\classnum@=\count104
\DOTSCASE@=\count105
LaTeX Info: Redefining \ldots on input line 394.
LaTeX Info: Redefining \dots on input line 397.
LaTeX Info: Redefining \cdots on input line 518.
\Mathstrutbox@=\box28
\strutbox@=\box29
\big@size=\dimen138
LaTeX Font Info:    Redeclaring font encoding OML on input line 634.
LaTeX Font Info:    Redeclaring font encoding OMS on input line 635.
\macc@depth=\count106
\c@MaxMatrixCols=\count107
\dotsspace@=\muskip10
\c@parentequation=\count108
\dspbrk@lvl=\count109
\tag@help=\toks18
\row@=\count110
\column@=\count111
\maxfields@=\count112
\andhelp@=\toks19
\eqnshift@=\dimen139
\alignsep@=\dimen140
\tagshift@=\dimen141
\tagwidth@=\dimen142
\totwidth@=\dimen143
\lineht@=\dimen144
\@envbody=\toks20
\multlinegap=\skip73
\multlinetaggap=\skip74
\mathdisplay@stack=\toks21
LaTeX Info: Redefining \[ on input line 2739.
LaTeX Info: Redefining \] on input line 2740.
)
("C:\Program Files\MiKTeX 2.9\tex\latex\amscls\amsthm.sty"
Package: amsthm 2015/03/04 v2.20.2
\thm@style=\toks22
\thm@bodyfont=\toks23
\thm@headfont=\toks24
\thm@notefont=\toks25
\thm@headpunct=\toks26
\thm@preskip=\skip75
\thm@postskip=\skip76
\thm@headsep=\skip77
\dth@everypar=\toks27
)
("C:\Program Files\MiKTeX 2.9\tex\latex\amsfonts\amsfonts.sty"
Package: amsfonts 2013/01/14 v3.01 Basic AMSFonts support
\symAMSa=\mathgroup7
\symAMSb=\mathgroup8
LaTeX Font Info:    Overwriting math alphabet `\mathfrak' in version `bold'
(Font)                  U/euf/m/n --> U/euf/b/n on input line 106.
)
(C:\Users\Igor\AppData\Roaming\MiKTeX\2.9\tex\latex\setspace\setspace.sty
Package: setspace 2011/12/19 v6.7a set line spacing
)
("C:\Program Files\MiKTeX 2.9\tex\generic\babel\babel.sty"
Package: babel 2016/04/23 3.9r The Babel package

*************************************
* Local config file bblopts.cfg used
*
(C:\Users\Igor\AppData\Roaming\MiKTeX\2.9\tex\latex\arabi\bblopts.cfg
File: bblopts.cfg 2005/09/08 v0.1 add Arabic and Farsi to "declared" options of
 babel
)
(C:\Users\Igor\AppData\Roaming\MiKTeX\2.9\tex\latex\babel-portuges\portuges.ldf
Language: portuges 2008/03/18 v1.2q Portuguese support from the babel system
("C:\Program Files\MiKTeX 2.9\tex\generic\babel\babel.def"
File: babel.def 2016/04/23 3.9r Babel common definitions
\babel@savecnt=\count113
\U@D=\dimen145
)
Package babel Info: Making " an active character on input line 145.
))
(C:\Users\Igor\AppData\Roaming\MiKTeX\2.9\tex\latex\ms\ragged2e.sty
Package: ragged2e 2009/05/21 v2.1 ragged2e Package (MS)

(C:\Users\Igor\AppData\Roaming\MiKTeX\2.9\tex\latex\ms\everysel.sty
Package: everysel 2011/10/28 v1.2 EverySelectfont Package (MS)
)
\CenteringLeftskip=\skip78
\RaggedLeftLeftskip=\skip79
\RaggedRightLeftskip=\skip80
\CenteringRightskip=\skip81
\RaggedLeftRightskip=\skip82
\RaggedRightRightskip=\skip83
\CenteringParfillskip=\skip84
\RaggedLeftParfillskip=\skip85
\RaggedRightParfillskip=\skip86
\JustifyingParfillskip=\skip87
\CenteringParindent=\skip88
\RaggedLeftParindent=\skip89
\RaggedRightParindent=\skip90
\JustifyingParindent=\skip91
)
("C:\Program Files\MiKTeX 2.9\tex\latex\graphics\lscape.sty"
Package: lscape 2000/10/22 v3.01 Landscape Pages (DPC)
)
("C:\Program Files\MiKTeX 2.9\tex\latex\tools\array.sty"
Package: array 2014/10/28 v2.4c Tabular extension package (FMi)
\col@sep=\dimen146
\extrarowheight=\dimen147
\NC@list=\toks28
\extratabsurround=\skip92
\backup@length=\skip93
)
("C:\Program Files\MiKTeX 2.9\tex\latex\multirow\multirow.sty"
Package: multirow 2016/11/25 v2.2 Span multiple rows of a table
\multirow@colwidth=\skip94
\multirow@cntb=\count114
\multirow@dima=\skip95
\bigstrutjot=\dimen148
)
(C:\Users\Igor\AppData\Roaming\MiKTeX\2.9\tex\latex\mwe\mwe.sty
Package: mwe 2012/05/15 v0.3 Package to support minimal working examples (MWE)

(C:\Users\Igor\AppData\Roaming\MiKTeX\2.9\tex\latex\lipsum\lipsum.sty
Package: lipsum 2014/07/27 v1.3 150 paragraphs of Lorem Ipsum dummy text
\c@lips@count=\count115
)
(C:\Users\Igor\AppData\Roaming\MiKTeX\2.9\tex\latex\blindtext\blindtext.sty
Package: blindtext 2012/01/06 V2.0 blindtext-Package

("C:\Program Files\MiKTeX 2.9\tex\latex\tools\xspace.sty"
Package: xspace 2014/10/28 v1.13 Space after command names (DPC,MH)
)
\c@blindtext=\count116
\c@Blindtext=\count117
\c@blind@countparstart=\count118
\blind@countxx=\count119
\blindtext@numBlindtext=\count120
\blind@countyy=\count121
\c@blindlist=\count122
\c@blindlistlevel=\count123
\c@blindlist@level=\count124
\blind@listitem=\count125
\c@blind@listcount=\count126
\c@blind@levelcount=\count127
\blind@mathformula=\count128
\blind@Mathformula=\count129
\c@blind@randomcount=\count130
\c@blind@randommax=\count131
\c@blind@pangramcount=\count132
\c@blind@pangrammax=\count133
))
("C:\Program Files\MiKTeX 2.9\tex\latex\oberdiek\epstopdf.sty"
Package: epstopdf 2016/05/15 v2.6 Conversion with epstopdf on the fly (HO)

("C:\Program Files\MiKTeX 2.9\tex\latex\oberdiek\epstopdf-base.sty"
Package: epstopdf-base 2016/05/15 v2.6 Base part for package epstopdf

("C:\Program Files\MiKTeX 2.9\tex\latex\oberdiek\grfext.sty"
Package: grfext 2016/05/16 v1.2 Manage graphics extensions (HO)

("C:\Program Files\MiKTeX 2.9\tex\generic\oberdiek\kvdefinekeys.sty"
Package: kvdefinekeys 2016/05/16 v1.4 Define keys (HO)
))
("C:\Program Files\MiKTeX 2.9\tex\latex\oberdiek\kvoptions.sty"
Package: kvoptions 2016/05/16 v3.12 Key value format for package options (HO)

("C:\Program Files\MiKTeX 2.9\tex\generic\oberdiek\kvsetkeys.sty"
Package: kvsetkeys 2016/05/16 v1.17 Key value parser (HO)

("C:\Program Files\MiKTeX 2.9\tex\generic\oberdiek\etexcmds.sty"
Package: etexcmds 2016/05/16 v1.6 Avoid name clashes with e-TeX commands (HO)

("C:\Program Files\MiKTeX 2.9\tex\generic\oberdiek\ifluatex.sty"
Package: ifluatex 2016/05/16 v1.4 Provides the ifluatex switch (HO)
Package ifluatex Info: LuaTeX not detected.
)
Package etexcmds Info: Could not find \expanded.
(etexcmds)             That can mean that you are not using pdfTeX 1.50 or
(etexcmds)             that some package has redefined \expanded.
(etexcmds)             In the latter case, load this package earlier.
)))
("C:\Program Files\MiKTeX 2.9\tex\generic\oberdiek\pdftexcmds.sty"
Package: pdftexcmds 2016/05/21 v0.22 Utility functions of pdfTeX for LuaTeX (HO
)
Package pdftexcmds Info: LuaTeX not detected.
Package pdftexcmds Info: \pdf@primitive is available.
Package pdftexcmds Info: \pdf@ifprimitive is available.
Package pdftexcmds Info: \pdfdraftmode found.
)
Package epstopdf-base Info: Redefining graphics rule for `.eps' on input line 4
38.
Package grfext Info: Graphics extension search list:
(grfext)             [.pdf,.png,.jpg,.mps,.jpeg,.jbig2,.jb2,.PNG,.PDF,.JPG,.JPE
G,.JBIG2,.JB2,.eps]
(grfext)             \AppendGraphicsExtensions on input line 456.
))
(C:\Users\Igor\AppData\Roaming\MiKTeX\2.9\tex\latex\subfig\subfig.sty
Package: subfig 2005/06/28 ver: 1.3 subfig package
\c@KVtest=\count134
\sf@farskip=\skip96
\sf@captopadj=\dimen149
\sf@capskip=\skip97
\sf@nearskip=\skip98
\c@subfigure=\count135
\c@subfigure@save=\count136
\c@lofdepth=\count137
\c@subtable=\count138
\c@subtable@save=\count139
\c@lotdepth=\count140
\sf@top=\skip99
\sf@bottom=\skip100
)
(C:\Users\Igor\AppData\Roaming\MiKTeX\2.9\tex\latex\sidecap\sidecap.sty
Package: sidecap 2003/06/06 v1.6f SideCap Package (RN/HjG)

("C:\Program Files\MiKTeX 2.9\tex\latex\base\ifthen.sty"
Package: ifthen 2014/09/29 v1.1c Standard LaTeX ifthen package (DPC)
)
\SC@BOXWD=\dimen150
\SC@CAPWD=\dimen151
\SC@tempdima=\dimen152
\SC@tempdimb=\dimen153
\c@SC@C=\count141
\SC@BOX=\box30
)

Class apa6 Warning: \bibliographystyle command ignored on input line 24.

("C:\Program Files\MiKTeX 2.9\tex\latex\float\float.sty"
Package: float 2001/11/08 v1.3d Float enhancements (AL)
\c@float@type=\count142
\float@exts=\toks29
\float@box=\box31
\@float@everytoks=\toks30
\@floatcapt=\box32
)
(C:\Users\Igor\AppData\Roaming\MiKTeX\2.9\tex\latex\xcolor\xcolor.sty
Package: xcolor 2016/05/11 v2.12 LaTeX color extensions (UK)

("C:\Program Files\MiKTeX 2.9\tex\latex\graphics-cfg\color.cfg"
File: color.cfg 2016/01/02 v1.6 sample color configuration
)
Package xcolor Info: Driver file: pdftex.def on input line 225.

(C:\Users\Igor\AppData\Roaming\MiKTeX\2.9\tex\latex\colortbl\colortbl.sty
Package: colortbl 2012/02/13 v1.0a Color table columns (DPC)
\everycr=\toks31
\minrowclearance=\skip101
)
LaTeX Info: Redefining \color on input line 709.
\rownum=\count143
Package xcolor Info: Model `cmy' substituted by `cmy0' on input line 1348.
Package xcolor Info: Model `hsb' substituted by `rgb' on input line 1352.
Package xcolor Info: Model `RGB' extended on input line 1364.
Package xcolor Info: Model `HTML' substituted by `rgb' on input line 1366.
Package xcolor Info: Model `Hsb' substituted by `hsb' on input line 1367.
Package xcolor Info: Model `tHsb' substituted by `hsb' on input line 1368.
Package xcolor Info: Model `HSB' substituted by `hsb' on input line 1369.
Package xcolor Info: Model `Gray' substituted by `gray' on input line 1370.
Package xcolor Info: Model `wave' substituted by `hsb' on input line 1371.

(C:\Users\Igor\AppData\Roaming\MiKTeX\2.9\tex\latex\xcolor\x11nam.def
File: x11nam.def 2016/05/11 v2.12 Predefined colors according to Unix/X11 (UK)
))
(C:\Users\Igor\AppData\Roaming\MiKTeX\2.9\tex\latex\endnotes\endnotes.sty
\c@endnote=\count144
\endnotesep=\dimen154
\@enotes=\write3
)
("C:\Program Files\MiKTeX 2.9\tex\latex\psnfss\times.sty"
Package: times 2005/04/12 PSNFSS-v9.2a (SPQR) 
)
("C:\Program Files\MiKTeX 2.9\tex\latex\base\inputenc.sty"
Package: inputenc 2015/03/17 v1.2c Input encoding file
\inpenc@prehook=\toks32
\inpenc@posthook=\toks33

("C:\Program Files\MiKTeX 2.9\tex\latex\base\utf8.def"
File: utf8.def 2016/02/28 v1.1s UTF-8 support for inputenc
Now handling font encoding OML ...
... no UTF-8 mapping file for font encoding OML
Now handling font encoding T1 ...
... processing UTF-8 mapping file for font encoding T1

("C:\Program Files\MiKTeX 2.9\tex\latex\base\t1enc.dfu"
File: t1enc.dfu 2016/02/28 v1.1s UTF-8 support for inputenc
   defining Unicode char U+00A0 (decimal 160)
   defining Unicode char U+00A1 (decimal 161)
   defining Unicode char U+00A3 (decimal 163)
   defining Unicode char U+00AB (decimal 171)
   defining Unicode char U+00AD (decimal 173)
   defining Unicode char U+00BB (decimal 187)
   defining Unicode char U+00BF (decimal 191)
   defining Unicode char U+00C0 (decimal 192)
   defining Unicode char U+00C1 (decimal 193)
   defining Unicode char U+00C2 (decimal 194)
   defining Unicode char U+00C3 (decimal 195)
   defining Unicode char U+00C4 (decimal 196)
   defining Unicode char U+00C5 (decimal 197)
   defining Unicode char U+00C6 (decimal 198)
   defining Unicode char U+00C7 (decimal 199)
   defining Unicode char U+00C8 (decimal 200)
   defining Unicode char U+00C9 (decimal 201)
   defining Unicode char U+00CA (decimal 202)
   defining Unicode char U+00CB (decimal 203)
   defining Unicode char U+00CC (decimal 204)
   defining Unicode char U+00CD (decimal 205)
   defining Unicode char U+00CE (decimal 206)
   defining Unicode char U+00CF (decimal 207)
   defining Unicode char U+00D0 (decimal 208)
   defining Unicode char U+00D1 (decimal 209)
   defining Unicode char U+00D2 (decimal 210)
   defining Unicode char U+00D3 (decimal 211)
   defining Unicode char U+00D4 (decimal 212)
   defining Unicode char U+00D5 (decimal 213)
   defining Unicode char U+00D6 (decimal 214)
   defining Unicode char U+00D8 (decimal 216)
   defining Unicode char U+00D9 (decimal 217)
   defining Unicode char U+00DA (decimal 218)
   defining Unicode char U+00DB (decimal 219)
   defining Unicode char U+00DC (decimal 220)
   defining Unicode char U+00DD (decimal 221)
   defining Unicode char U+00DE (decimal 222)
   defining Unicode char U+00DF (decimal 223)
   defining Unicode char U+00E0 (decimal 224)
   defining Unicode char U+00E1 (decimal 225)
   defining Unicode char U+00E2 (decimal 226)
   defining Unicode char U+00E3 (decimal 227)
   defining Unicode char U+00E4 (decimal 228)
   defining Unicode char U+00E5 (decimal 229)
   defining Unicode char U+00E6 (decimal 230)
   defining Unicode char U+00E7 (decimal 231)
   defining Unicode char U+00E8 (decimal 232)
   defining Unicode char U+00E9 (decimal 233)
   defining Unicode char U+00EA (decimal 234)
   defining Unicode char U+00EB (decimal 235)
   defining Unicode char U+00EC (decimal 236)
   defining Unicode char U+00ED (decimal 237)
   defining Unicode char U+00EE (decimal 238)
   defining Unicode char U+00EF (decimal 239)
   defining Unicode char U+00F0 (decimal 240)
   defining Unicode char U+00F1 (decimal 241)
   defining Unicode char U+00F2 (decimal 242)
   defining Unicode char U+00F3 (decimal 243)
   defining Unicode char U+00F4 (decimal 244)
   defining Unicode char U+00F5 (decimal 245)
   defining Unicode char U+00F6 (decimal 246)
   defining Unicode char U+00F8 (decimal 248)
   defining Unicode char U+00F9 (decimal 249)
   defining Unicode char U+00FA (decimal 250)
   defining Unicode char U+00FB (decimal 251)
   defining Unicode char U+00FC (decimal 252)
   defining Unicode char U+00FD (decimal 253)
   defining Unicode char U+00FE (decimal 254)
   defining Unicode char U+00FF (decimal 255)
   defining Unicode char U+0100 (decimal 256)
   defining Unicode char U+0101 (decimal 257)
   defining Unicode char U+0102 (decimal 258)
   defining Unicode char U+0103 (decimal 259)
   defining Unicode char U+0104 (decimal 260)
   defining Unicode char U+0105 (decimal 261)
   defining Unicode char U+0106 (decimal 262)
   defining Unicode char U+0107 (decimal 263)
   defining Unicode char U+0108 (decimal 264)
   defining Unicode char U+0109 (decimal 265)
   defining Unicode char U+010A (decimal 266)
   defining Unicode char U+010B (decimal 267)
   defining Unicode char U+010C (decimal 268)
   defining Unicode char U+010D (decimal 269)
   defining Unicode char U+010E (decimal 270)
   defining Unicode char U+010F (decimal 271)
   defining Unicode char U+0110 (decimal 272)
   defining Unicode char U+0111 (decimal 273)
   defining Unicode char U+0112 (decimal 274)
   defining Unicode char U+0113 (decimal 275)
   defining Unicode char U+0114 (decimal 276)
   defining Unicode char U+0115 (decimal 277)
   defining Unicode char U+0116 (decimal 278)
   defining Unicode char U+0117 (decimal 279)
   defining Unicode char U+0118 (decimal 280)
   defining Unicode char U+0119 (decimal 281)
   defining Unicode char U+011A (decimal 282)
   defining Unicode char U+011B (decimal 283)
   defining Unicode char U+011C (decimal 284)
   defining Unicode char U+011D (decimal 285)
   defining Unicode char U+011E (decimal 286)
   defining Unicode char U+011F (decimal 287)
   defining Unicode char U+0120 (decimal 288)
   defining Unicode char U+0121 (decimal 289)
   defining Unicode char U+0122 (decimal 290)
   defining Unicode char U+0123 (decimal 291)
   defining Unicode char U+0124 (decimal 292)
   defining Unicode char U+0125 (decimal 293)
   defining Unicode char U+0128 (decimal 296)
   defining Unicode char U+0129 (decimal 297)
   defining Unicode char U+012A (decimal 298)
   defining Unicode char U+012B (decimal 299)
   defining Unicode char U+012C (decimal 300)
   defining Unicode char U+012D (decimal 301)
   defining Unicode char U+012E (decimal 302)
   defining Unicode char U+012F (decimal 303)
   defining Unicode char U+0130 (decimal 304)
   defining Unicode char U+0131 (decimal 305)
   defining Unicode char U+0132 (decimal 306)
   defining Unicode char U+0133 (decimal 307)
   defining Unicode char U+0134 (decimal 308)
   defining Unicode char U+0135 (decimal 309)
   defining Unicode char U+0136 (decimal 310)
   defining Unicode char U+0137 (decimal 311)
   defining Unicode char U+0139 (decimal 313)
   defining Unicode char U+013A (decimal 314)
   defining Unicode char U+013B (decimal 315)
   defining Unicode char U+013C (decimal 316)
   defining Unicode char U+013D (decimal 317)
   defining Unicode char U+013E (decimal 318)
   defining Unicode char U+0141 (decimal 321)
   defining Unicode char U+0142 (decimal 322)
   defining Unicode char U+0143 (decimal 323)
   defining Unicode char U+0144 (decimal 324)
   defining Unicode char U+0145 (decimal 325)
   defining Unicode char U+0146 (decimal 326)
   defining Unicode char U+0147 (decimal 327)
   defining Unicode char U+0148 (decimal 328)
   defining Unicode char U+014A (decimal 330)
   defining Unicode char U+014B (decimal 331)
   defining Unicode char U+014C (decimal 332)
   defining Unicode char U+014D (decimal 333)
   defining Unicode char U+014E (decimal 334)
   defining Unicode char U+014F (decimal 335)
   defining Unicode char U+0150 (decimal 336)
   defining Unicode char U+0151 (decimal 337)
   defining Unicode char U+0152 (decimal 338)
   defining Unicode char U+0153 (decimal 339)
   defining Unicode char U+0154 (decimal 340)
   defining Unicode char U+0155 (decimal 341)
   defining Unicode char U+0156 (decimal 342)
   defining Unicode char U+0157 (decimal 343)
   defining Unicode char U+0158 (decimal 344)
   defining Unicode char U+0159 (decimal 345)
   defining Unicode char U+015A (decimal 346)
   defining Unicode char U+015B (decimal 347)
   defining Unicode char U+015C (decimal 348)
   defining Unicode char U+015D (decimal 349)
   defining Unicode char U+015E (decimal 350)
   defining Unicode char U+015F (decimal 351)
   defining Unicode char U+0160 (decimal 352)
   defining Unicode char U+0161 (decimal 353)
   defining Unicode char U+0162 (decimal 354)
   defining Unicode char U+0163 (decimal 355)
   defining Unicode char U+0164 (decimal 356)
   defining Unicode char U+0165 (decimal 357)
   defining Unicode char U+0168 (decimal 360)
   defining Unicode char U+0169 (decimal 361)
   defining Unicode char U+016A (decimal 362)
   defining Unicode char U+016B (decimal 363)
   defining Unicode char U+016C (decimal 364)
   defining Unicode char U+016D (decimal 365)
   defining Unicode char U+016E (decimal 366)
   defining Unicode char U+016F (decimal 367)
   defining Unicode char U+0170 (decimal 368)
   defining Unicode char U+0171 (decimal 369)
   defining Unicode char U+0172 (decimal 370)
   defining Unicode char U+0173 (decimal 371)
   defining Unicode char U+0174 (decimal 372)
   defining Unicode char U+0175 (decimal 373)
   defining Unicode char U+0176 (decimal 374)
   defining Unicode char U+0177 (decimal 375)
   defining Unicode char U+0178 (decimal 376)
   defining Unicode char U+0179 (decimal 377)
   defining Unicode char U+017A (decimal 378)
   defining Unicode char U+017B (decimal 379)
   defining Unicode char U+017C (decimal 380)
   defining Unicode char U+017D (decimal 381)
   defining Unicode char U+017E (decimal 382)
   defining Unicode char U+01CD (decimal 461)
   defining Unicode char U+01CE (decimal 462)
   defining Unicode char U+01CF (decimal 463)
   defining Unicode char U+01D0 (decimal 464)
   defining Unicode char U+01D1 (decimal 465)
   defining Unicode char U+01D2 (decimal 466)
   defining Unicode char U+01D3 (decimal 467)
   defining Unicode char U+01D4 (decimal 468)
   defining Unicode char U+01E2 (decimal 482)
   defining Unicode char U+01E3 (decimal 483)
   defining Unicode char U+01E6 (decimal 486)
   defining Unicode char U+01E7 (decimal 487)
   defining Unicode char U+01E8 (decimal 488)
   defining Unicode char U+01E9 (decimal 489)
   defining Unicode char U+01EA (decimal 490)
   defining Unicode char U+01EB (decimal 491)
   defining Unicode char U+01F0 (decimal 496)
   defining Unicode char U+01F4 (decimal 500)
   defining Unicode char U+01F5 (decimal 501)
   defining Unicode char U+0218 (decimal 536)
   defining Unicode char U+0219 (decimal 537)
   defining Unicode char U+021A (decimal 538)
   defining Unicode char U+021B (decimal 539)
   defining Unicode char U+1E02 (decimal 7682)
   defining Unicode char U+1E03 (decimal 7683)
   defining Unicode char U+200C (decimal 8204)
   defining Unicode char U+2010 (decimal 8208)
   defining Unicode char U+2011 (decimal 8209)
   defining Unicode char U+2012 (decimal 8210)
   defining Unicode char U+2013 (decimal 8211)
   defining Unicode char U+2014 (decimal 8212)
   defining Unicode char U+2015 (decimal 8213)
   defining Unicode char U+2018 (decimal 8216)
   defining Unicode char U+2019 (decimal 8217)
   defining Unicode char U+201A (decimal 8218)
   defining Unicode char U+201C (decimal 8220)
   defining Unicode char U+201D (decimal 8221)
   defining Unicode char U+201E (decimal 8222)
   defining Unicode char U+2030 (decimal 8240)
   defining Unicode char U+2031 (decimal 8241)
   defining Unicode char U+2039 (decimal 8249)
   defining Unicode char U+203A (decimal 8250)
   defining Unicode char U+2423 (decimal 9251)
)
Now handling font encoding OT1 ...
... processing UTF-8 mapping file for font encoding OT1

("C:\Program Files\MiKTeX 2.9\tex\latex\base\ot1enc.dfu"
File: ot1enc.dfu 2016/02/28 v1.1s UTF-8 support for inputenc
   defining Unicode char U+00A0 (decimal 160)
   defining Unicode char U+00A1 (decimal 161)
   defining Unicode char U+00A3 (decimal 163)
   defining Unicode char U+00AD (decimal 173)
   defining Unicode char U+00B8 (decimal 184)
   defining Unicode char U+00BF (decimal 191)
   defining Unicode char U+00C5 (decimal 197)
   defining Unicode char U+00C6 (decimal 198)
   defining Unicode char U+00D8 (decimal 216)
   defining Unicode char U+00DF (decimal 223)
   defining Unicode char U+00E6 (decimal 230)
   defining Unicode char U+00EC (decimal 236)
   defining Unicode char U+00ED (decimal 237)
   defining Unicode char U+00EE (decimal 238)
   defining Unicode char U+00EF (decimal 239)
   defining Unicode char U+00F8 (decimal 248)
   defining Unicode char U+0131 (decimal 305)
   defining Unicode char U+0141 (decimal 321)
   defining Unicode char U+0142 (decimal 322)
   defining Unicode char U+0152 (decimal 338)
   defining Unicode char U+0153 (decimal 339)
   defining Unicode char U+0174 (decimal 372)
   defining Unicode char U+0175 (decimal 373)
   defining Unicode char U+0176 (decimal 374)
   defining Unicode char U+0177 (decimal 375)
   defining Unicode char U+0218 (decimal 536)
   defining Unicode char U+0219 (decimal 537)
   defining Unicode char U+021A (decimal 538)
   defining Unicode char U+021B (decimal 539)
   defining Unicode char U+2013 (decimal 8211)
   defining Unicode char U+2014 (decimal 8212)
   defining Unicode char U+2018 (decimal 8216)
   defining Unicode char U+2019 (decimal 8217)
   defining Unicode char U+201C (decimal 8220)
   defining Unicode char U+201D (decimal 8221)
)
Now handling font encoding OMS ...
... processing UTF-8 mapping file for font encoding OMS

("C:\Program Files\MiKTeX 2.9\tex\latex\base\omsenc.dfu"
File: omsenc.dfu 2016/02/28 v1.1s UTF-8 support for inputenc
   defining Unicode char U+00A7 (decimal 167)
   defining Unicode char U+00B6 (decimal 182)
   defining Unicode char U+00B7 (decimal 183)
   defining Unicode char U+2020 (decimal 8224)
   defining Unicode char U+2021 (decimal 8225)
   defining Unicode char U+2022 (decimal 8226)
)
Now handling font encoding OMX ...
... no UTF-8 mapping file for font encoding OMX
Now handling font encoding U ...
... no UTF-8 mapping file for font encoding U
   defining Unicode char U+00A9 (decimal 169)
   defining Unicode char U+00AA (decimal 170)
   defining Unicode char U+00AE (decimal 174)
   defining Unicode char U+00BA (decimal 186)
   defining Unicode char U+02C6 (decimal 710)
   defining Unicode char U+02DC (decimal 732)
   defining Unicode char U+200C (decimal 8204)
   defining Unicode char U+2026 (decimal 8230)
   defining Unicode char U+2122 (decimal 8482)
   defining Unicode char U+2423 (decimal 9251)
)) (FIFA.aux)
\openout1 = `FIFA.aux'.

LaTeX Font Info:    Checking defaults for OML/cmm/m/it on input line 74.
LaTeX Font Info:    ... okay on input line 74.
LaTeX Font Info:    Checking defaults for T1/cmr/m/n on input line 74.
LaTeX Font Info:    ... okay on input line 74.
LaTeX Font Info:    Checking defaults for OT1/cmr/m/n on input line 74.
LaTeX Font Info:    ... okay on input line 74.
LaTeX Font Info:    Checking defaults for OMS/cmsy/m/n on input line 74.
LaTeX Font Info:    ... okay on input line 74.
LaTeX Font Info:    Checking defaults for OMX/cmex/m/n on input line 74.
LaTeX Font Info:    ... okay on input line 74.
LaTeX Font Info:    Checking defaults for U/cmr/m/n on input line 74.
LaTeX Font Info:    ... okay on input line 74.
LaTeX Font Info:    Try loading font information for T1+ptm on input line 74.

("C:\Program Files\MiKTeX 2.9\tex\latex\psnfss\t1ptm.fd"
File: t1ptm.fd 2001/06/04 font definitions for T1/ptm.
)
\c@maskedRefs=\count145


Package apacite Warning: No suitable language definition file (portuguese.apc) 
found.

*geometry* driver: auto-detecting
*geometry* detected driver: pdftex
*geometry* verbose mode - [ preamble ] result:
* driver: pdftex
* paper: a4paper
* layout: <same size as paper>
* layoutoffset:(h,v)=(0.0pt,0.0pt)
* modes: 
* h-part:(L,W,R)=(85.35826pt, 455.24411pt, 56.9055pt)
* v-part:(T,H,B)=(85.35826pt, 702.78308pt, 56.9055pt)
* \paperwidth=597.50787pt
* \paperheight=845.04684pt
* \textwidth=455.24411pt
* \textheight=702.78308pt
* \oddsidemargin=13.08827pt
* \evensidemargin=13.08827pt
* \topmargin=-27.11172pt
* \headheight=15.2pt
* \headsep=25.0pt
* \topskip=12.0pt
* \footskip=30.0pt
* \marginparwidth=44.0pt
* \marginparsep=10.0pt
* \columnsep=10.0pt
* \skip\footins=10.8pt plus 4.0pt minus 2.0pt
* \hoffset=0.0pt
* \voffset=0.0pt
* \mag=1000
* \@twocolumnfalse
* \@twosidefalse
* \@mparswitchfalse
* \@reversemarginfalse
* (1in=72.27pt=25.4mm, 1cm=28.453pt)

(C:\Users\Igor\AppData\Roaming\MiKTeX\2.9\tex\context\base\supp-pdf.mkii
[Loading MPS to PDF converter (version 2006.09.02).]
\scratchcounter=\count146
\scratchdimen=\dimen155
\scratchbox=\box33
\nofMPsegments=\count147
\nofMParguments=\count148
\everyMPshowfont=\toks34
\MPscratchCnt=\count149
\MPscratchDim=\dimen156
\MPnumerator=\count150
\makeMPintoPDFobject=\count151
\everyMPtoPDFconversion=\toks35
)
(C:\Users\Igor\AppData\Roaming\MiKTeX\2.9\tex\latex\apa6\config\APAamerican.txt
File: APAamerican.txt 2012/02/23 v1.25 apa6 configuration for American English
)
Package caption Info: Begin \AtBeginDocument code.
Package caption Info: subfig package v1.3 is loaded.
Package caption Info: float package is loaded.
Package caption Info: sidecap package is loaded.
Package caption Info: End \AtBeginDocument code.
LaTeX Info: Redefining \microtypecontext on input line 74.
Package microtype Info: Generating PDF output.
Package microtype Info: Character protrusion enabled (level 2).
Package microtype Info: Using default protrusion set `alltext'.
Package microtype Info: Automatic font expansion enabled (level 2),
(microtype)             stretch: 20, shrink: 20, step: 1, non-selected.
Package microtype Info: Using default expansion set `basictext'.
Package microtype Info: No adjustment of tracking.
Package microtype Info: No adjustment of interword spacing.
Package microtype Info: No adjustment of character kerning.
 (C:\Users\Igor\AppData\Roaming\MiKTeX\2.9\tex\latex\microtype\mt-ptm.cfg
File: mt-ptm.cfg 2006/04/20 v1.7 microtype config. file: Times (RS)
)
ABD: EverySelectfont initializing macros
LaTeX Info: Redefining \selectfont on input line 74.

Using title for running head
LaTeX Font Info:    Try loading font information for OT1+lmr on input line 78.
("C:\Program Files\MiKTeX 2.9\tex\latex\lm\ot1lmr.fd"
File: ot1lmr.fd 2009/10/30 v1.6 Font defs for Latin Modern
)
(C:\Users\Igor\AppData\Roaming\MiKTeX\2.9\tex\latex\microtype\mt-cmr.cfg
File: mt-cmr.cfg 2013/05/19 v2.2 microtype config. file: Computer Modern Roman 
(RS)
)
LaTeX Font Info:    Try loading font information for OML+lmm on input line 78.

("C:\Program Files\MiKTeX 2.9\tex\latex\lm\omllmm.fd"
File: omllmm.fd 2009/10/30 v1.6 Font defs for Latin Modern
)
LaTeX Font Info:    Try loading font information for OMS+lmsy on input line 78.


("C:\Program Files\MiKTeX 2.9\tex\latex\lm\omslmsy.fd"
File: omslmsy.fd 2009/10/30 v1.6 Font defs for Latin Modern
)
LaTeX Font Info:    Try loading font information for OMX+lmex on input line 78.


("C:\Program Files\MiKTeX 2.9\tex\latex\lm\omxlmex.fd"
File: omxlmex.fd 2009/10/30 v1.6 Font defs for Latin Modern
)
LaTeX Font Info:    External font `lmex10' loaded for size
(Font)              <12> on input line 78.
LaTeX Font Info:    External font `lmex10' loaded for size
(Font)              <8> on input line 78.
LaTeX Font Info:    External font `lmex10' loaded for size
(Font)              <6> on input line 78.
LaTeX Font Info:    Try loading font information for U+msa on input line 78.

("C:\Program Files\MiKTeX 2.9\tex\latex\amsfonts\umsa.fd"
File: umsa.fd 2013/01/14 v3.01 AMS symbols A
)
(C:\Users\Igor\AppData\Roaming\MiKTeX\2.9\tex\latex\microtype\mt-msa.cfg
File: mt-msa.cfg 2006/02/04 v1.1 microtype config. file: AMS symbols (a) (RS)
)
LaTeX Font Info:    Try loading font information for U+msb on input line 78.

("C:\Program Files\MiKTeX 2.9\tex\latex\amsfonts\umsb.fd"
File: umsb.fd 2013/01/14 v3.01 AMS symbols B
)
(C:\Users\Igor\AppData\Roaming\MiKTeX\2.9\tex\latex\microtype\mt-msb.cfg
File: mt-msb.cfg 2005/06/01 v1.0 microtype config. file: AMS symbols (b) (RS)
)
LaTeX Font Info:    Font shape `T1/ptm/bx/n' in size <12> not available
(Font)              Font shape `T1/ptm/b/n' tried instead on input line 80.

[1

{C:/Users/Igor/AppData/Local/MiKTeX/2.9/pdftex/config/pdftex.map}] [2]
<images//aceleracao_result.pdf, id=19, 505.89pt x 505.89pt>
File: images//aceleracao_result.pdf Graphic file (type pdf)

<use images//aceleracao_result.pdf>
Package pdftex.def Info: images//aceleracao_result.pdf used on input line 181.
(pdftex.def)             Requested size: 142.26576pt x 113.80489pt.

Underfull \hbox (badness 4441) in paragraph at lines 181--181
[]\T1/ptm/m/n/10 (+20) (a) |\T1/ptm/m/n/8 Sum-mary ac-ce-le-ra-tion men-su-res 
by
 []

<images//aceleracao_descri.pdf, id=20, 505.89pt x 505.89pt>
File: images//aceleracao_descri.pdf Graphic file (type pdf)

<use images//aceleracao_descri.pdf>
Package pdftex.def Info: images//aceleracao_descri.pdf used on input line 183.
(pdftex.def)             Requested size: 142.26576pt x 113.80489pt.
LaTeX Font Info:    Font shape `T1/ptm/bx/n' in size <8> not available
(Font)              Font shape `T1/ptm/b/n' tried instead on input line 184.
 [3 <./images//aceleracao_result.pdf> <./images//aceleracao_descri.pdf>]
LaTeX Font Info:    External font `lmex10' loaded for size
(Font)              <10.95> on input line 214.
LaTeX Font Info:    Font shape `T1/ptm/bx/n' in size <10.95> not available
(Font)              Font shape `T1/ptm/b/n' tried instead on input line 220.

Overfull \hbox (35.74826pt too wide) in paragraph at lines 214--256
[][]
 []


Underfull \hbox (badness 10000) in paragraph at lines 214--256

 []

LaTeX Font Info:    Font shape `T1/ptm/bx/it' in size <8> not available
(Font)              Font shape `T1/ptm/b/it' tried instead on input line 256.
LaTeX Font Info:    External font `lmex10' loaded for size
(Font)              <5> on input line 256.
LaTeX Font Info:    Try loading font information for OMS+ptm on input line 267.

("C:\Program Files\MiKTeX 2.9\tex\latex\psnfss\omsptm.fd"
File: omsptm.fd 
)
LaTeX Font Info:    Font shape `OMS/ptm/m/n' in size <12> not available
(Font)              Font shape `OMS/cmsy/m/n' tried instead on input line 267.

<images//tunning_all.png, id=34, 526.96875pt x 338.76563pt>
File: images//tunning_all.png Graphic file (type png)

<use images//tunning_all.png>
Package pdftex.def Info: images//tunning_all.png used on input line 278.
(pdftex.def)             Requested size: 142.26738pt x 113.80896pt.

<images//contour_dissimilaridade.pdf, id=36, 505.89pt x 505.89pt>
File: images//contour_dissimilaridade.pdf Graphic file (type pdf)

<use images//contour_dissimilaridade.pdf>
Package pdftex.def Info: images//contour_dissimilaridade.pdf used on input line
 280.
(pdftex.def)             Requested size: 142.26576pt x 113.80489pt.
 [4 <./images//tunning_all.png> <./images//contour_dissimilaridade.pdf>] [5] [6
]
File: images//aceleracao_result.pdf Graphic file (type pdf)
 <use images//aceleracao_result.pdf>
Package pdftex.def Info: images//aceleracao_result.pdf used on input line 494.
(pdftex.def)             Requested size: 71.13188pt x 71.12515pt.

<images//altura_result.pdf, id=54, 505.89pt x 505.89pt>
File: images//altura_result.pdf Graphic file (type pdf)

<use images//altura_result.pdf>
Package pdftex.def Info: images//altura_result.pdf used on input line 494.
(pdftex.def)             Requested size: 71.13188pt x 71.12515pt.

<images//cabeceio_result.pdf, id=55, 505.89pt x 505.89pt>
File: images//cabeceio_result.pdf Graphic file (type pdf)

<use images//cabeceio_result.pdf>
Package pdftex.def Info: images//cabeceio_result.pdf used on input line 494.
(pdftex.def)             Requested size: 71.13188pt x 71.12515pt.

<images//carrinho_result.pdf, id=56, 505.89pt x 505.89pt>
File: images//carrinho_result.pdf Graphic file (type pdf)

<use images//carrinho_result.pdf>
Package pdftex.def Info: images//carrinho_result.pdf used on input line 494.
(pdftex.def)             Requested size: 71.13188pt x 71.12515pt.

<images//ch_delonge_result.pdf, id=57, 505.89pt x 505.89pt>
File: images//ch_delonge_result.pdf Graphic file (type pdf)

<use images//ch_delonge_result.pdf>
Package pdftex.def Info: images//ch_delonge_result.pdf used on input line 495.
(pdftex.def)             Requested size: 71.13188pt x 71.12515pt.

<images//cobr_falta_result.pdf, id=58, 505.89pt x 505.89pt>
File: images//cobr_falta_result.pdf Graphic file (type pdf)

<use images//cobr_falta_result.pdf>
Package pdftex.def Info: images//cobr_falta_result.pdf used on input line 497.
(pdftex.def)             Requested size: 71.13188pt x 71.12515pt.

<images//combativ__result.pdf, id=59, 505.89pt x 505.89pt>
File: images//combativ__result.pdf Graphic file (type pdf)

<use images//combativ__result.pdf>
Package pdftex.def Info: images//combativ__result.pdf used on input line 497.
(pdftex.def)             Requested size: 71.13188pt x 71.12515pt.

<images//contr_bola_result.pdf, id=60, 505.89pt x 505.89pt>
File: images//contr_bola_result.pdf Graphic file (type pdf)

<use images//contr_bola_result.pdf>
Package pdftex.def Info: images//contr_bola_result.pdf used on input line 497.
(pdftex.def)             Requested size: 71.13188pt x 71.12515pt.

<images//cruzamento_result.pdf, id=61, 505.89pt x 505.89pt>
File: images//cruzamento_result.pdf Graphic file (type pdf)

<use images//cruzamento_result.pdf>
Package pdftex.def Info: images//cruzamento_result.pdf used on input line 498.
(pdftex.def)             Requested size: 71.13188pt x 71.12515pt.

<images//div_empe_result.pdf, id=62, 505.89pt x 505.89pt>
File: images//div_empe_result.pdf Graphic file (type pdf)

<use images//div_empe_result.pdf>
Package pdftex.def Info: images//div_empe_result.pdf used on input line 498.
(pdftex.def)             Requested size: 71.13188pt x 71.12515pt.

<images//dribles_result.pdf, id=63, 505.89pt x 505.89pt>
File: images//dribles_result.pdf Graphic file (type pdf)

<use images//dribles_result.pdf>
Package pdftex.def Info: images//dribles_result.pdf used on input line 501.
(pdftex.def)             Requested size: 71.13188pt x 71.12515pt.

<images//duracaodocontrato_result.pdf, id=64, 505.89pt x 505.89pt>
File: images//duracaodocontrato_result.pdf Graphic file (type pdf)

<use images//duracaodocontrato_result.pdf>
Package pdftex.def Info: images//duracaodocontrato_result.pdf used on input lin
e 501.
(pdftex.def)             Requested size: 71.13188pt x 71.12515pt.

<images//elast_gl_result.pdf, id=65, 505.89pt x 505.89pt>
File: images//elast_gl_result.pdf Graphic file (type pdf)

<use images//elast_gl_result.pdf>
Package pdftex.def Info: images//elast_gl_result.pdf used on input line 501.
(pdftex.def)             Requested size: 71.13188pt x 71.12515pt.

<images//finalizacao_result.pdf, id=66, 505.89pt x 505.89pt>
File: images//finalizacao_result.pdf Graphic file (type pdf)

<use images//finalizacao_result.pdf>
Package pdftex.def Info: images//finalizacao_result.pdf used on input line 502.

(pdftex.def)             Requested size: 71.13188pt x 71.12515pt.

<images//folego_result.pdf, id=67, 505.89pt x 505.89pt>
File: images//folego_result.pdf Graphic file (type pdf)

<use images//folego_result.pdf>
Package pdftex.def Info: images//folego_result.pdf used on input line 502.
(pdftex.def)             Requested size: 71.13188pt x 71.12515pt.

<images//forca_result.pdf, id=68, 505.89pt x 505.89pt>
File: images//forca_result.pdf Graphic file (type pdf)

<use images//forca_result.pdf>
Package pdftex.def Info: images//forca_result.pdf used on input line 505.
(pdftex.def)             Requested size: 71.13188pt x 71.12515pt.

<images//forcachute_result.pdf, id=69, 505.89pt x 505.89pt>
File: images//forcachute_result.pdf Graphic file (type pdf)

<use images//forcachute_result.pdf>
Package pdftex.def Info: images//forcachute_result.pdf used on input line 505.
(pdftex.def)             Requested size: 71.13188pt x 71.12515pt.

<images//idade_result.pdf, id=70, 505.89pt x 505.89pt>
File: images//idade_result.pdf Graphic file (type pdf)

<use images//idade_result.pdf>
Package pdftex.def Info: images//idade_result.pdf used on input line 505.
(pdftex.def)             Requested size: 71.13188pt x 71.12515pt.

<images//lancamento_result.pdf, id=71, 505.89pt x 505.89pt>
File: images//lancamento_result.pdf Graphic file (type pdf)

<use images//lancamento_result.pdf>
Package pdftex.def Info: images//lancamento_result.pdf used on input line 506.
(pdftex.def)             Requested size: 71.13188pt x 71.12515pt.

<images//manejo_result.pdf, id=72, 505.89pt x 505.89pt>
File: images//manejo_result.pdf Graphic file (type pdf)

<use images//manejo_result.pdf>
Package pdftex.def Info: images//manejo_result.pdf used on input line 506.
(pdftex.def)             Requested size: 71.13188pt x 71.12515pt.

<images//marcacao_result.pdf, id=73, 505.89pt x 505.89pt>
File: images//marcacao_result.pdf Graphic file (type pdf)

<use images//marcacao_result.pdf>
Package pdftex.def Info: images//marcacao_result.pdf used on input line 509.
(pdftex.def)             Requested size: 71.13188pt x 71.12515pt.

<images//passecurto_result.pdf, id=74, 505.89pt x 505.89pt>
File: images//passecurto_result.pdf Graphic file (type pdf)

<use images//passecurto_result.pdf>
Package pdftex.def Info: images//passecurto_result.pdf used on input line 509.
(pdftex.def)             Requested size: 71.13188pt x 71.12515pt.

<images//pernaboa_result.pdf, id=75, 505.89pt x 505.89pt>
File: images//pernaboa_result.pdf Graphic file (type pdf)

<use images//pernaboa_result.pdf>
Package pdftex.def Info: images//pernaboa_result.pdf used on input line 509.
(pdftex.def)             Requested size: 71.13188pt x 71.12515pt.

<images//pernaruim_result.pdf, id=76, 505.89pt x 505.89pt>
File: images//pernaruim_result.pdf Graphic file (type pdf)

<use images//pernaruim_result.pdf>
Package pdftex.def Info: images//pernaruim_result.pdf used on input line 510.
(pdftex.def)             Requested size: 71.13188pt x 71.12515pt.

<images//peso_result.pdf, id=77, 505.89pt x 505.89pt>
File: images//peso_result.pdf Graphic file (type pdf)

<use images//peso_result.pdf>
Package pdftex.def Info: images//peso_result.pdf used on input line 510.
(pdftex.def)             Requested size: 71.13188pt x 71.12515pt.

<images//pique_result.pdf, id=78, 505.89pt x 505.89pt>
File: images//pique_result.pdf Graphic file (type pdf)

<use images//pique_result.pdf>
Package pdftex.def Info: images//pique_result.pdf used on input line 513.
(pdftex.def)             Requested size: 71.13188pt x 71.12515pt.

<images//pos_result.pdf, id=79, 505.89pt x 505.89pt>
File: images//pos_result.pdf Graphic file (type pdf)

<use images//pos_result.pdf>
Package pdftex.def Info: images//pos_result.pdf used on input line 513.
(pdftex.def)             Requested size: 71.13188pt x 71.12515pt.

<images//posicion_gl_result.pdf, id=80, 505.89pt x 505.89pt>
File: images//posicion_gl_result.pdf Graphic file (type pdf)

<use images//posicion_gl_result.pdf>
Package pdftex.def Info: images//posicion_gl_result.pdf used on input line 513.

(pdftex.def)             Requested size: 71.13188pt x 71.12515pt.

<images//reacao_result.pdf, id=81, 505.89pt x 505.89pt>
File: images//reacao_result.pdf Graphic file (type pdf)

<use images//reacao_result.pdf>
Package pdftex.def Info: images//reacao_result.pdf used on input line 513.
(pdftex.def)             Requested size: 71.13188pt x 71.12515pt.

<images//reflexos_result.pdf, id=82, 505.89pt x 505.89pt>
File: images//reflexos_result.pdf Graphic file (type pdf)

<use images//reflexos_result.pdf>
Package pdftex.def Info: images//reflexos_result.pdf used on input line 514.
(pdftex.def)             Requested size: 71.13188pt x 71.12515pt.

<images//aceleracao_result_trans.pdf, id=83, 505.89pt x 505.89pt>
File: images//aceleracao_result_trans.pdf Graphic file (type pdf)

<use images//aceleracao_result_trans.pdf>
Package pdftex.def Info: images//aceleracao_result_trans.pdf used on input line
 533.
(pdftex.def)             Requested size: 71.13188pt x 71.12515pt.

<images//altura_result_trans.pdf, id=84, 505.89pt x 505.89pt>
File: images//altura_result_trans.pdf Graphic file (type pdf)

<use images//altura_result_trans.pdf>
Package pdftex.def Info: images//altura_result_trans.pdf used on input line 533
.
(pdftex.def)             Requested size: 71.13188pt x 71.12515pt.

<images//cabeceio_result_trans.pdf, id=85, 505.89pt x 505.89pt>
File: images//cabeceio_result_trans.pdf Graphic file (type pdf)

<use images//cabeceio_result_trans.pdf>
Package pdftex.def Info: images//cabeceio_result_trans.pdf used on input line 5
33.
(pdftex.def)             Requested size: 71.13188pt x 71.12515pt.

<images//carrinho_result_trans.pdf, id=86, 505.89pt x 505.89pt>
File: images//carrinho_result_trans.pdf Graphic file (type pdf)

<use images//carrinho_result_trans.pdf>
Package pdftex.def Info: images//carrinho_result_trans.pdf used on input line 5
33.
(pdftex.def)             Requested size: 71.13188pt x 71.12515pt.

<images//ch_delonge_result_trans.pdf, id=87, 505.89pt x 505.89pt>
File: images//ch_delonge_result_trans.pdf Graphic file (type pdf)

<use images//ch_delonge_result_trans.pdf>
Package pdftex.def Info: images//ch_delonge_result_trans.pdf used on input line
 534.
(pdftex.def)             Requested size: 71.13188pt x 71.12515pt.

<images//cobr_falta_result_trans.pdf, id=88, 505.89pt x 505.89pt>
File: images//cobr_falta_result_trans.pdf Graphic file (type pdf)

<use images//cobr_falta_result_trans.pdf>
Package pdftex.def Info: images//cobr_falta_result_trans.pdf used on input line
 536.
(pdftex.def)             Requested size: 71.13188pt x 71.12515pt.

<images//combativ__result_trans.pdf, id=89, 505.89pt x 505.89pt>
File: images//combativ__result_trans.pdf Graphic file (type pdf)

<use images//combativ__result_trans.pdf>
Package pdftex.def Info: images//combativ__result_trans.pdf used on input line 
536.
(pdftex.def)             Requested size: 71.13188pt x 71.12515pt.

<images//contr_bola_result_trans.pdf, id=90, 505.89pt x 505.89pt>
File: images//contr_bola_result_trans.pdf Graphic file (type pdf)

<use images//contr_bola_result_trans.pdf>
Package pdftex.def Info: images//contr_bola_result_trans.pdf used on input line
 536.
(pdftex.def)             Requested size: 71.13188pt x 71.12515pt.

<images//cruzamento_result_trans.pdf, id=91, 505.89pt x 505.89pt>
File: images//cruzamento_result_trans.pdf Graphic file (type pdf)

<use images//cruzamento_result_trans.pdf>
Package pdftex.def Info: images//cruzamento_result_trans.pdf used on input line
 537.
(pdftex.def)             Requested size: 71.13188pt x 71.12515pt.

<images//div_empe_result_trans.pdf, id=92, 505.89pt x 505.89pt>
File: images//div_empe_result_trans.pdf Graphic file (type pdf)

<use images//div_empe_result_trans.pdf>
Package pdftex.def Info: images//div_empe_result_trans.pdf used on input line 5
37.
(pdftex.def)             Requested size: 71.13188pt x 71.12515pt.

<images//dribles_result_trans.pdf, id=93, 505.89pt x 505.89pt>
File: images//dribles_result_trans.pdf Graphic file (type pdf)

<use images//dribles_result_trans.pdf>
Package pdftex.def Info: images//dribles_result_trans.pdf used on input line 54
0.
(pdftex.def)             Requested size: 71.13188pt x 71.12515pt.

<images//duracaodocontrato_result_trans.pdf, id=94, 505.89pt x 505.89pt>
File: images//duracaodocontrato_result_trans.pdf Graphic file (type pdf)

<use images//duracaodocontrato_result_trans.pdf>
Package pdftex.def Info: images//duracaodocontrato_result_trans.pdf used on inp
ut line 540.
(pdftex.def)             Requested size: 71.13188pt x 71.12515pt.

<images//elast_gl_result_trans.pdf, id=95, 505.89pt x 505.89pt>
File: images//elast_gl_result_trans.pdf Graphic file (type pdf)

<use images//elast_gl_result_trans.pdf>
Package pdftex.def Info: images//elast_gl_result_trans.pdf used on input line 5
40.
(pdftex.def)             Requested size: 71.13188pt x 71.12515pt.

<images//finalizacao_result_trans.pdf, id=96, 505.89pt x 505.89pt>
File: images//finalizacao_result_trans.pdf Graphic file (type pdf)

<use images//finalizacao_result_trans.pdf>
Package pdftex.def Info: images//finalizacao_result_trans.pdf used on input lin
e 541.
(pdftex.def)             Requested size: 71.13188pt x 71.12515pt.

<images//folego_result_trans.pdf, id=97, 505.89pt x 505.89pt>
File: images//folego_result_trans.pdf Graphic file (type pdf)

<use images//folego_result_trans.pdf>
Package pdftex.def Info: images//folego_result_trans.pdf used on input line 541
.
(pdftex.def)             Requested size: 71.13188pt x 71.12515pt.

<images//forca_result_trans.pdf, id=98, 505.89pt x 505.89pt>
File: images//forca_result_trans.pdf Graphic file (type pdf)

<use images//forca_result_trans.pdf>
Package pdftex.def Info: images//forca_result_trans.pdf used on input line 544.

(pdftex.def)             Requested size: 71.13188pt x 71.12515pt.

<images//forcachute_result_trans.pdf, id=99, 505.89pt x 505.89pt>
File: images//forcachute_result_trans.pdf Graphic file (type pdf)

<use images//forcachute_result_trans.pdf>
Package pdftex.def Info: images//forcachute_result_trans.pdf used on input line
 544.
(pdftex.def)             Requested size: 71.13188pt x 71.12515pt.

<images//idade_result_trans.pdf, id=100, 505.89pt x 505.89pt>
File: images//idade_result_trans.pdf Graphic file (type pdf)

<use images//idade_result_trans.pdf>
Package pdftex.def Info: images//idade_result_trans.pdf used on input line 544.

(pdftex.def)             Requested size: 71.13188pt x 71.12515pt.

<images//lancamento_result_trans.pdf, id=101, 505.89pt x 505.89pt>
File: images//lancamento_result_trans.pdf Graphic file (type pdf)

<use images//lancamento_result_trans.pdf>
Package pdftex.def Info: images//lancamento_result_trans.pdf used on input line
 545.
(pdftex.def)             Requested size: 71.13188pt x 71.12515pt.

<images//manejo_result_trans.pdf, id=102, 505.89pt x 505.89pt>
File: images//manejo_result_trans.pdf Graphic file (type pdf)

<use images//manejo_result_trans.pdf>
Package pdftex.def Info: images//manejo_result_trans.pdf used on input line 545
.
(pdftex.def)             Requested size: 71.13188pt x 71.12515pt.

<images//marcacao_result_trans.pdf, id=103, 505.89pt x 505.89pt>
File: images//marcacao_result_trans.pdf Graphic file (type pdf)

<use images//marcacao_result_trans.pdf>
Package pdftex.def Info: images//marcacao_result_trans.pdf used on input line 5
48.
(pdftex.def)             Requested size: 71.13188pt x 71.12515pt.

<images//passecurto_result_trans.pdf, id=104, 505.89pt x 505.89pt>
File: images//passecurto_result_trans.pdf Graphic file (type pdf)

<use images//passecurto_result_trans.pdf>
Package pdftex.def Info: images//passecurto_result_trans.pdf used on input line
 548.
(pdftex.def)             Requested size: 71.13188pt x 71.12515pt.

<images//pernaboa_result_trans.pdf, id=105, 505.89pt x 505.89pt>
File: images//pernaboa_result_trans.pdf Graphic file (type pdf)

<use images//pernaboa_result_trans.pdf>
Package pdftex.def Info: images//pernaboa_result_trans.pdf used on input line 5
48.
(pdftex.def)             Requested size: 71.13188pt x 71.12515pt.

<images//pernaruim_result_trans.pdf, id=106, 505.89pt x 505.89pt>
File: images//pernaruim_result_trans.pdf Graphic file (type pdf)

<use images//pernaruim_result_trans.pdf>
Package pdftex.def Info: images//pernaruim_result_trans.pdf used on input line 
549.
(pdftex.def)             Requested size: 71.13188pt x 71.12515pt.

<images//peso_result_trans.pdf, id=107, 505.89pt x 505.89pt>
File: images//peso_result_trans.pdf Graphic file (type pdf)

<use images//peso_result_trans.pdf>
Package pdftex.def Info: images//peso_result_trans.pdf used on input line 549.
(pdftex.def)             Requested size: 71.13188pt x 71.12515pt.

<images//pique_result_trans.pdf, id=108, 505.89pt x 505.89pt>
File: images//pique_result_trans.pdf Graphic file (type pdf)

<use images//pique_result_trans.pdf>
Package pdftex.def Info: images//pique_result_trans.pdf used on input line 552.

(pdftex.def)             Requested size: 71.13188pt x 71.12515pt.

<images//pos_result_trans.pdf, id=109, 505.89pt x 505.89pt>
File: images//pos_result_trans.pdf Graphic file (type pdf)

<use images//pos_result_trans.pdf>
Package pdftex.def Info: images//pos_result_trans.pdf used on input line 552.
(pdftex.def)             Requested size: 71.13188pt x 71.12515pt.

<images//posicion_gl_result_trans.pdf, id=110, 505.89pt x 505.89pt>
File: images//posicion_gl_result_trans.pdf Graphic file (type pdf)

<use images//posicion_gl_result_trans.pdf>
Package pdftex.def Info: images//posicion_gl_result_trans.pdf used on input lin
e 552.
(pdftex.def)             Requested size: 71.13188pt x 71.12515pt.

<images//reacao_result_trans.pdf, id=111, 505.89pt x 505.89pt>
File: images//reacao_result_trans.pdf Graphic file (type pdf)

<use images//reacao_result_trans.pdf>
Package pdftex.def Info: images//reacao_result_trans.pdf used on input line 552
.
(pdftex.def)             Requested size: 71.13188pt x 71.12515pt.

<images//reflexos_result_trans.pdf, id=112, 505.89pt x 505.89pt>
File: images//reflexos_result_trans.pdf Graphic file (type pdf)

<use images//reflexos_result_trans.pdf>
Package pdftex.def Info: images//reflexos_result_trans.pdf used on input line 5
53.
(pdftex.def)             Requested size: 71.13188pt x 71.12515pt.

<images//aceleracao_result_trans_media.pdf, id=113, 505.89pt x 505.89pt>
File: images//aceleracao_result_trans_media.pdf Graphic file (type pdf)

<use images//aceleracao_result_trans_media.pdf>
Package pdftex.def Info: images//aceleracao_result_trans_media.pdf used on inpu
t line 569.
(pdftex.def)             Requested size: 71.13188pt x 71.12515pt.

<images//altura_result_trans_media.pdf, id=114, 505.89pt x 505.89pt>
File: images//altura_result_trans_media.pdf Graphic file (type pdf)

<use images//altura_result_trans_media.pdf>
Package pdftex.def Info: images//altura_result_trans_media.pdf used on input li
ne 569.
(pdftex.def)             Requested size: 71.13188pt x 71.12515pt.

<images//cabeceio_result_trans_media.pdf, id=115, 505.89pt x 505.89pt>
File: images//cabeceio_result_trans_media.pdf Graphic file (type pdf)

<use images//cabeceio_result_trans_media.pdf>
Package pdftex.def Info: images//cabeceio_result_trans_media.pdf used on input 
line 569.
(pdftex.def)             Requested size: 71.13188pt x 71.12515pt.

<images//carrinho_result_trans_media.pdf, id=116, 505.89pt x 505.89pt>
File: images//carrinho_result_trans_media.pdf Graphic file (type pdf)

<use images//carrinho_result_trans_media.pdf>
Package pdftex.def Info: images//carrinho_result_trans_media.pdf used on input 
line 569.
(pdftex.def)             Requested size: 71.13188pt x 71.12515pt.

<images//ch_delonge_result_trans_media.pdf, id=117, 505.89pt x 505.89pt>
File: images//ch_delonge_result_trans_media.pdf Graphic file (type pdf)

<use images//ch_delonge_result_trans_media.pdf>
Package pdftex.def Info: images//ch_delonge_result_trans_media.pdf used on inpu
t line 570.
(pdftex.def)             Requested size: 71.13188pt x 71.12515pt.

<images//cobr_falta_result_trans_media.pdf, id=118, 505.89pt x 505.89pt>
File: images//cobr_falta_result_trans_media.pdf Graphic file (type pdf)

<use images//cobr_falta_result_trans_media.pdf>
Package pdftex.def Info: images//cobr_falta_result_trans_media.pdf used on inpu
t line 572.
(pdftex.def)             Requested size: 71.13188pt x 71.12515pt.

<images//combativ__result_trans_media.pdf, id=119, 505.89pt x 505.89pt>
File: images//combativ__result_trans_media.pdf Graphic file (type pdf)

<use images//combativ__result_trans_media.pdf>
Package pdftex.def Info: images//combativ__result_trans_media.pdf used on input
 line 572.
(pdftex.def)             Requested size: 71.13188pt x 71.12515pt.

<images//contr_bola_result_trans_media.pdf, id=120, 505.89pt x 505.89pt>
File: images//contr_bola_result_trans_media.pdf Graphic file (type pdf)

<use images//contr_bola_result_trans_media.pdf>
Package pdftex.def Info: images//contr_bola_result_trans_media.pdf used on inpu
t line 572.
(pdftex.def)             Requested size: 71.13188pt x 71.12515pt.

<images//cruzamento_result_trans_media.pdf, id=121, 505.89pt x 505.89pt>
File: images//cruzamento_result_trans_media.pdf Graphic file (type pdf)

<use images//cruzamento_result_trans_media.pdf>
Package pdftex.def Info: images//cruzamento_result_trans_media.pdf used on inpu
t line 573.
(pdftex.def)             Requested size: 71.13188pt x 71.12515pt.

<images//div_empe_result_trans_media.pdf, id=122, 505.89pt x 505.89pt>
File: images//div_empe_result_trans_media.pdf Graphic file (type pdf)

<use images//div_empe_result_trans_media.pdf>
Package pdftex.def Info: images//div_empe_result_trans_media.pdf used on input 
line 573.
(pdftex.def)             Requested size: 71.13188pt x 71.12515pt.

<images//dribles_result_trans_media.pdf, id=123, 505.89pt x 505.89pt>
File: images//dribles_result_trans_media.pdf Graphic file (type pdf)

<use images//dribles_result_trans_media.pdf>
Package pdftex.def Info: images//dribles_result_trans_media.pdf used on input l
ine 576.
(pdftex.def)             Requested size: 71.13188pt x 71.12515pt.

<images//duracaodocontrato_result_trans_media.pdf, id=124, 505.89pt x 505.89pt>
File: images//duracaodocontrato_result_trans_media.pdf Graphic file (type pdf)
<use images//duracaodocontrato_result_trans_media.pdf>
Package pdftex.def Info: images//duracaodocontrato_result_trans_media.pdf used 
on input line 576.
(pdftex.def)             Requested size: 71.13188pt x 71.12515pt.

<images//elast_gl_result_trans_media.pdf, id=125, 505.89pt x 505.89pt>
File: images//elast_gl_result_trans_media.pdf Graphic file (type pdf)

<use images//elast_gl_result_trans_media.pdf>
Package pdftex.def Info: images//elast_gl_result_trans_media.pdf used on input 
line 576.
(pdftex.def)             Requested size: 71.13188pt x 71.12515pt.

<images//finalizacao_result_trans_media.pdf, id=126, 505.89pt x 505.89pt>
File: images//finalizacao_result_trans_media.pdf Graphic file (type pdf)

<use images//finalizacao_result_trans_media.pdf>
Package pdftex.def Info: images//finalizacao_result_trans_media.pdf used on inp
ut line 577.
(pdftex.def)             Requested size: 71.13188pt x 71.12515pt.

<images//folego_result_trans_media.pdf, id=127, 505.89pt x 505.89pt>
File: images//folego_result_trans_media.pdf Graphic file (type pdf)

<use images//folego_result_trans_media.pdf>
Package pdftex.def Info: images//folego_result_trans_media.pdf used on input li
ne 577.
(pdftex.def)             Requested size: 71.13188pt x 71.12515pt.

<images//forca_result_trans_media.pdf, id=128, 505.89pt x 505.89pt>
File: images//forca_result_trans_media.pdf Graphic file (type pdf)

<use images//forca_result_trans_media.pdf>
Package pdftex.def Info: images//forca_result_trans_media.pdf used on input lin
e 580.
(pdftex.def)             Requested size: 71.13188pt x 71.12515pt.

<images//forcachute_result_trans_media.pdf, id=129, 505.89pt x 505.89pt>
File: images//forcachute_result_trans_media.pdf Graphic file (type pdf)

<use images//forcachute_result_trans_media.pdf>
Package pdftex.def Info: images//forcachute_result_trans_media.pdf used on inpu
t line 580.
(pdftex.def)             Requested size: 71.13188pt x 71.12515pt.

<images//idade_result_trans_media.pdf, id=130, 505.89pt x 505.89pt>
File: images//idade_result_trans_media.pdf Graphic file (type pdf)

<use images//idade_result_trans_media.pdf>
Package pdftex.def Info: images//idade_result_trans_media.pdf used on input lin
e 580.
(pdftex.def)             Requested size: 71.13188pt x 71.12515pt.

<images//lancamento_result_trans_media.pdf, id=131, 505.89pt x 505.89pt>
File: images//lancamento_result_trans_media.pdf Graphic file (type pdf)

<use images//lancamento_result_trans_media.pdf>
Package pdftex.def Info: images//lancamento_result_trans_media.pdf used on inpu
t line 581.
(pdftex.def)             Requested size: 71.13188pt x 71.12515pt.

<images//manejo_result_trans_media.pdf, id=132, 505.89pt x 505.89pt>
File: images//manejo_result_trans_media.pdf Graphic file (type pdf)

<use images//manejo_result_trans_media.pdf>
Package pdftex.def Info: images//manejo_result_trans_media.pdf used on input li
ne 581.
(pdftex.def)             Requested size: 71.13188pt x 71.12515pt.

<images//marcacao_result_trans_media.pdf, id=133, 505.89pt x 505.89pt>
File: images//marcacao_result_trans_media.pdf Graphic file (type pdf)

<use images//marcacao_result_trans_media.pdf>
Package pdftex.def Info: images//marcacao_result_trans_media.pdf used on input 
line 584.
(pdftex.def)             Requested size: 71.13188pt x 71.12515pt.

<images//passecurto_result_trans_media.pdf, id=134, 505.89pt x 505.89pt>
File: images//passecurto_result_trans_media.pdf Graphic file (type pdf)

<use images//passecurto_result_trans_media.pdf>
Package pdftex.def Info: images//passecurto_result_trans_media.pdf used on inpu
t line 584.
(pdftex.def)             Requested size: 71.13188pt x 71.12515pt.

<images//pernaboa_result_trans_media.pdf, id=135, 505.89pt x 505.89pt>
File: images//pernaboa_result_trans_media.pdf Graphic file (type pdf)

<use images//pernaboa_result_trans_media.pdf>
Package pdftex.def Info: images//pernaboa_result_trans_media.pdf used on input 
line 584.
(pdftex.def)             Requested size: 71.13188pt x 71.12515pt.

<images//pernaruim_result_trans_media.pdf, id=136, 505.89pt x 505.89pt>
File: images//pernaruim_result_trans_media.pdf Graphic file (type pdf)

<use images//pernaruim_result_trans_media.pdf>
Package pdftex.def Info: images//pernaruim_result_trans_media.pdf used on input
 line 585.
(pdftex.def)             Requested size: 71.13188pt x 71.12515pt.

<images//peso_result_trans_media.pdf, id=137, 505.89pt x 505.89pt>
File: images//peso_result_trans_media.pdf Graphic file (type pdf)

<use images//peso_result_trans_media.pdf>
Package pdftex.def Info: images//peso_result_trans_media.pdf used on input line
 585.
(pdftex.def)             Requested size: 71.13188pt x 71.12515pt.

<images//pique_result_trans_media.pdf, id=138, 505.89pt x 505.89pt>
File: images//pique_result_trans_media.pdf Graphic file (type pdf)

<use images//pique_result_trans_media.pdf>
Package pdftex.def Info: images//pique_result_trans_media.pdf used on input lin
e 588.
(pdftex.def)             Requested size: 71.13188pt x 71.12515pt.

<images//pos_result_trans_media.pdf, id=139, 505.89pt x 505.89pt>
File: images//pos_result_trans_media.pdf Graphic file (type pdf)

<use images//pos_result_trans_media.pdf>
Package pdftex.def Info: images//pos_result_trans_media.pdf used on input line 
588.
(pdftex.def)             Requested size: 71.13188pt x 71.12515pt.

<images//posicion_gl_result_trans_media.pdf, id=140, 505.89pt x 505.89pt>
File: images//posicion_gl_result_trans_media.pdf Graphic file (type pdf)

<use images//posicion_gl_result_trans_media.pdf>
Package pdftex.def Info: images//posicion_gl_result_trans_media.pdf used on inp
ut line 588.
(pdftex.def)             Requested size: 71.13188pt x 71.12515pt.

<images//reacao_result_trans_media.pdf, id=141, 505.89pt x 505.89pt>
File: images//reacao_result_trans_media.pdf Graphic file (type pdf)

<use images//reacao_result_trans_media.pdf>
Package pdftex.def Info: images//reacao_result_trans_media.pdf used on input li
ne 588.
(pdftex.def)             Requested size: 71.13188pt x 71.12515pt.

<images//reflexos_result_trans_media.pdf, id=142, 505.89pt x 505.89pt>
File: images//reflexos_result_trans_media.pdf Graphic file (type pdf)

<use images//reflexos_result_trans_media.pdf>
Package pdftex.def Info: images//reflexos_result_trans_media.pdf used on input 
line 589.
(pdftex.def)             Requested size: 71.13188pt x 71.12515pt.
File: images//aceleracao_result.pdf Graphic file (type pdf)

<use images//aceleracao_result.pdf>
Package pdftex.def Info: images//aceleracao_result.pdf used on input line 608.
(pdftex.def)             Requested size: 156.49014pt x 156.49234pt.
File: images//aceleracao_result_trans.pdf Graphic file (type pdf)
 <use images//aceleracao_result_trans.pdf>
Package pdftex.def Info: images//aceleracao_result_trans.pdf used on input line
 608.
(pdftex.def)             Requested size: 156.49014pt x 156.49234pt.
File: images//aceleracao_result_trans_media.pdf Graphic file (type pdf)

<use images//aceleracao_result_trans_media.pdf>
Package pdftex.def Info: images//aceleracao_result_trans_media.pdf used on inpu
t line 608.
(pdftex.def)             Requested size: 156.49014pt x 156.49234pt.

Overfull \hbox (50.22632pt too wide) in paragraph at lines 607--612
[][] 
 []


Class apa6 Warning: \bibliographystyle command ignored on input line 678.

(FIFA.bbl) [7] [8 <./images//altura_result.pdf> <./images//cabeceio_result.pdf>
 <./images//carrinho_result.pdf> <./images//ch_delonge_result.pdf> <./images//c
obr_falta_result.pdf> <./images//combativ__result.pdf> <./images//contr_bola_re
sult.pdf> <./images//cruzamento_result.pdf> <./images//div_empe_result.pdf> <./
images//dribles_result.pdf> <./images//duracaodocontrato_result.pdf> <./images/
/elast_gl_result.pdf> <./images//finalizacao_result.pdf> <./images//folego_resu
lt.pdf> <./images//forca_result.pdf> <./images//forcachute_result.pdf> <./image
s//idade_result.pdf> <./images//lancamento_result.pdf> <./images//manejo_result
.pdf> <./images//marcacao_result.pdf> <./images//passecurto_result.pdf> <./imag
es//pernaboa_result.pdf> <./images//pernaruim_result.pdf> <./images//peso_resul
t.pdf> <./images//pique_result.pdf> <./images//pos_result.pdf> <./images//posic
ion_gl_result.pdf> <./images//reacao_result.pdf> <./images//reflexos_result.pdf
>] [9 <./images//aceleracao_result_trans.pdf> <./images//altura_result_trans.pd
f> <./images//cabeceio_result_trans.pdf> <./images//carrinho_result_trans.pdf> 
<./images//ch_delonge_result_trans.pdf> <./images//cobr_falta_result_trans.pdf>
 <./images//combativ__result_trans.pdf> <./images//contr_bola_result_trans.pdf>
 <./images//cruzamento_result_trans.pdf> <./images//div_empe_result_trans.pdf> 
<./images//dribles_result_trans.pdf> <./images//duracaodocontrato_result_trans.
pdf> <./images//elast_gl_result_trans.pdf> <./images//finalizacao_result_trans.
pdf> <./images//folego_result_trans.pdf> <./images//forca_result_trans.pdf> <./
images//forcachute_result_trans.pdf> <./images//idade_result_trans.pdf> <./imag
es//lancamento_result_trans.pdf> <./images//manejo_result_trans.pdf> <./images/
/marcacao_result_trans.pdf> <./images//passecurto_result_trans.pdf> <./images//
pernaboa_result_trans.pdf> <./images//pernaruim_result_trans.pdf> <./images//pe
so_result_trans.pdf> <./images//pique_result_trans.pdf> <./images//pos_result_t
rans.pdf> <./images//posicion_gl_result_trans.pdf> <./images//reacao_result_tra
ns.pdf> <./images//reflexos_result_trans.pdf>] [10 <./images//aceleracao_result
_trans_media.pdf> <./images//altura_result_trans_media.pdf> <./images//cabeceio
_result_trans_media.pdf> <./images//carrinho_result_trans_media.pdf> <./images/
/ch_delonge_result_trans_media.pdf> <./images//cobr_falta_result_trans_media.pd
f> <./images//combativ__result_trans_media.pdf> <./images//contr_bola_result_tr
ans_media.pdf> <./images//cruzamento_result_trans_media.pdf> <./images//div_emp
e_result_trans_media.pdf> <./images//dribles_result_trans_media.pdf> <./images/
/duracaodocontrato_result_trans_media.pdf> <./images//elast_gl_result_trans_med
ia.pdf> <./images//finalizacao_result_trans_media.pdf> <./images//folego_result
_trans_media.pdf> <./images//forca_result_trans_media.pdf> <./images//forcachut
e_result_trans_media.pdf> <./images//idade_result_trans_media.pdf> <./images//l
ancamento_result_trans_media.pdf> <./images//manejo_result_trans_media.pdf> <./
images//marcacao_result_trans_media.pdf> <./images//passecurto_result_trans_med
ia.pdf> <./images//pernaboa_result_trans_media.pdf> <./images//pernaruim_result
_trans_media.pdf> <./images//peso_result_trans_media.pdf> <./images//pique_resu
lt_trans_media.pdf> <./images//pos_result_trans_media.pdf> <./images//posicion_
gl_result_trans_media.pdf> <./images//reacao_result_trans_media.pdf> <./images/
/reflexos_result_trans_media.pdf>] [11] [12] [13] [14] [15] [16] (FIFA.aux) ) 
Here is how much of TeX's memory you used:
 10153 strings out of 493333
 159570 string characters out of 3139197
 495447 words of memory out of 3000000
 13165 multiletter control sequences out of 15000+200000
 87369 words of font info for 173 fonts, out of 3000000 for 9000
 1141 hyphenation exceptions out of 8191
 43i,13n,48p,1405b,409s stack positions out of 5000i,500n,10000p,200000b,50000s
{C
:/Program Files/MiKTeX 2.9/fonts/enc/dvips/base/8r.enc}{C:/Program Files/MiKTeX
 2.9/fonts/enc/dvips/lm/lm-mathit.enc}{C:/Program Files/MiKTeX 2.9/fonts/enc/dv
ips/lm/lm-rm.enc}{C:/Program Files/MiKTeX 2.9/fonts/enc/dvips/lm/lm-mathsy.enc}
{C:/Program Files/MiKTeX 2.9/fonts/enc/dvips/lm/lm-mathex.enc}<C:/Program Files
/MiKTeX 2.9/fonts/type1/public/amsfonts/cm/cmsy10.pfb><C:/Program Files/MiKTeX 
2.9/fonts/type1/public/lm/lmex10.pfb><C:/Program Files/MiKTeX 2.9/fonts/type1/p
ublic/lm/lmmi10.pfb><C:/Program Files/MiKTeX 2.9/fonts/type1/public/lm/lmmi12.p
fb><C:/Program Files/MiKTeX 2.9/fonts/type1/public/lm/lmmi6.pfb><C:/Program Fil
es/MiKTeX 2.9/fonts/type1/public/lm/lmmi8.pfb><C:/Program Files/MiKTeX 2.9/font
s/type1/public/lm/lmr10.pfb><C:/Program Files/MiKTeX 2.9/fonts/type1/public/lm/
lmr12.pfb><C:/Program Files/MiKTeX 2.9/fonts/type1/public/lm/lmr8.pfb><C:/Progr
am Files/MiKTeX 2.9/fonts/type1/public/lm/lmsy10.pfb><C:/Program Files/MiKTeX 2
.9/fonts/type1/public/lm/lmsy8.pfb><C:/Program Files/MiKTeX 2.9/fonts/type1/urw
/times/utmb8a.pfb><C:/Program Files/MiKTeX 2.9/fonts/type1/urw/times/utmbi8a.pf
b><C:/Program Files/MiKTeX 2.9/fonts/type1/urw/times/utmr8a.pfb><C:/Program Fil
es/MiKTeX 2.9/fonts/type1/urw/times/utmri8a.pfb>
Output written on FIFA.pdf (16 pages, 771006 bytes).
PDF statistics:
 855 PDF objects out of 1000 (max. 8388607)
 0 named destinations out of 1000 (max. 500000)
 30674 words of extra memory for PDF output out of 35830 (max. 10000000)

